  ShapeMeshes.cpp
C:\Users\Administrator\Desktop\CS330Content\3DShapes\ShapeMeshes.cpp(410,59): warning C4305: 'initializing': truncation from 'double' to 'GLfloat'
C:\Users\Administrator\Desktop\CS330Content\3DShapes\ShapeMeshes.cpp(412,59): warning C4305: 'initializing': truncation from 'double' to 'GLfloat'
C:\Users\Administrator\Desktop\CS330Content\3DShapes\ShapeMeshes.cpp(413,59): warning C4305: 'initializing': truncation from 'double' to 'GLfloat'
C:\Users\Administrator\Desktop\CS330Content\3DShapes\ShapeMeshes.cpp(414,59): warning C4305: 'initializing': truncation from 'double' to 'GLfloat'
C:\Users\Administrator\Desktop\CS330Content\3DShapes\ShapeMeshes.cpp(415,59): warning C4305: 'initializing': truncation from 'double' to 'GLfloat'
C:\Users\Administrator\Desktop\CS330Content\3DShapes\ShapeMeshes.cpp(416,59): warning C4305: 'initializing': truncation from 'double' to 'GLfloat'
C:\Users\Administrator\Desktop\CS330Content\3DShapes\ShapeMeshes.cpp(417,59): warning C4305: 'initializing': truncation from 'double' to 'GLfloat'
C:\Users\Administrator\Desktop\CS330Content\3DShapes\ShapeMeshes.cpp(418,58): warning C4305: 'initializing': truncation from 'double' to 'GLfloat'
C:\Users\Administrator\Desktop\CS330Content\3DShapes\ShapeMeshes.cpp(419,59): warning C4305: 'initializing': truncation from 'double' to 'GLfloat'
C:\Users\Administrator\Desktop\CS330Content\3DShapes\ShapeMeshes.cpp(420,58): warning C4305: 'initializing': truncation from 'double' to 'GLfloat'
C:\Users\Administrator\Desktop\CS330Content\3DShapes\ShapeMeshes.cpp(421,58): warning C4305: 'initializing': truncation from 'double' to 'GLfloat'
C:\Users\Administrator\Desktop\CS330Content\3DShapes\ShapeMeshes.cpp(422,59): warning C4305: 'initializing': truncation from 'double' to 'GLfloat'
C:\Users\Administrator\Desktop\CS330Content\3DShapes\ShapeMeshes.cpp(423,58): warning C4305: 'initializing': truncation from 'double' to 'GLfloat'
C:\Users\Administrator\Desktop\CS330Content\3DShapes\ShapeMeshes.cpp(424,59): warning C4305: 'initializing': truncation from 'double' to 'GLfloat'
C:\Users\Administrator\Desktop\CS330Content\3DShapes\ShapeMeshes.cpp(425,59): warning C4305: 'initializing': truncation from 'double' to 'GLfloat'
C:\Users\Administrator\Desktop\CS330Content\3DShapes\ShapeMeshes.cpp(426,59): warning C4305: 'initializing': truncation from 'double' to 'GLfloat'
C:\Users\Administrator\Desktop\CS330Content\3DShapes\ShapeMeshes.cpp(427,59): warning C4305: 'initializing': truncation from 'double' to 'GLfloat'
C:\Users\Administrator\Desktop\CS330Content\3DShapes\ShapeMeshes.cpp(428,59): warning C4305: 'initializing': truncation from 'double' to 'GLfloat'
C:\Users\Administrator\Desktop\CS330Content\3DShapes\ShapeMeshes.cpp(429,59): warning C4305: 'initializing': truncation from 'double' to 'GLfloat'
C:\Users\Administrator\Desktop\CS330Content\3DShapes\ShapeMeshes.cpp(430,58): warning C4305: 'initializing': truncation from 'double' to 'GLfloat'
C:\Users\Administrator\Desktop\CS330Content\3DShapes\ShapeMeshes.cpp(431,59): warning C4305: 'initializing': truncation from 'double' to 'GLfloat'
C:\Users\Administrator\Desktop\CS330Content\3DShapes\ShapeMeshes.cpp(432,58): warning C4305: 'initializing': truncation from 'double' to 'GLfloat'
C:\Users\Administrator\Desktop\CS330Content\3DShapes\ShapeMeshes.cpp(433,58): warning C4305: 'initializing': truncation from 'double' to 'GLfloat'
C:\Users\Administrator\Desktop\CS330Content\3DShapes\ShapeMeshes.cpp(434,59): warning C4305: 'initializing': truncation from 'double' to 'GLfloat'
C:\Users\Administrator\Desktop\CS330Content\3DShapes\ShapeMeshes.cpp(435,58): warning C4305: 'initializing': truncation from 'double' to 'GLfloat'
C:\Users\Administrator\Desktop\CS330Content\3DShapes\ShapeMeshes.cpp(436,59): warning C4305: 'initializing': truncation from 'double' to 'GLfloat'
C:\Users\Administrator\Desktop\CS330Content\3DShapes\ShapeMeshes.cpp(437,59): warning C4305: 'initializing': truncation from 'double' to 'GLfloat'
C:\Users\Administrator\Desktop\CS330Content\3DShapes\ShapeMeshes.cpp(438,59): warning C4305: 'initializing': truncation from 'double' to 'GLfloat'
C:\Users\Administrator\Desktop\CS330Content\3DShapes\ShapeMeshes.cpp(439,59): warning C4305: 'initializing': truncation from 'double' to 'GLfloat'
C:\Users\Administrator\Desktop\CS330Content\3DShapes\ShapeMeshes.cpp(440,59): warning C4305: 'initializing': truncation from 'double' to 'GLfloat'
C:\Users\Administrator\Desktop\CS330Content\3DShapes\ShapeMeshes.cpp(441,59): warning C4305: 'initializing': truncation from 'double' to 'GLfloat'
C:\Users\Administrator\Desktop\CS330Content\3DShapes\ShapeMeshes.cpp(442,58): warning C4305: 'initializing': truncation from 'double' to 'GLfloat'
C:\Users\Administrator\Desktop\CS330Content\3DShapes\ShapeMeshes.cpp(443,59): warning C4305: 'initializing': truncation from 'double' to 'GLfloat'
C:\Users\Administrator\Desktop\CS330Content\3DShapes\ShapeMeshes.cpp(444,58): warning C4305: 'initializing': truncation from 'double' to 'GLfloat'
C:\Users\Administrator\Desktop\CS330Content\3DShapes\ShapeMeshes.cpp(445,58): warning C4305: 'initializing': truncation from 'double' to 'GLfloat'
C:\Users\Administrator\Desktop\CS330Content\3DShapes\ShapeMeshes.cpp(446,60): warning C4305: 'initializing': truncation from 'double' to 'GLfloat'
C:\Users\Administrator\Desktop\CS330Content\3DShapes\ShapeMeshes.cpp(447,59): warning C4305: 'initializing': truncation from 'double' to 'GLfloat'
C:\Users\Administrator\Desktop\CS330Content\3DShapes\ShapeMeshes.cpp(448,60): warning C4305: 'initializing': truncation from 'double' to 'GLfloat'
C:\Users\Administrator\Desktop\CS330Content\3DShapes\ShapeMeshes.cpp(449,60): warning C4305: 'initializing': truncation from 'double' to 'GLfloat'
C:\Users\Administrator\Desktop\CS330Content\3DShapes\ShapeMeshes.cpp(450,60): warning C4305: 'initializing': truncation from 'double' to 'GLfloat'
C:\Users\Administrator\Desktop\CS330Content\3DShapes\ShapeMeshes.cpp(451,60): warning C4305: 'initializing': truncation from 'double' to 'GLfloat'
C:\Users\Administrator\Desktop\CS330Content\3DShapes\ShapeMeshes.cpp(452,60): warning C4305: 'initializing': truncation from 'double' to 'GLfloat'
C:\Users\Administrator\Desktop\CS330Content\3DShapes\ShapeMeshes.cpp(453,60): warning C4305: 'initializing': truncation from 'double' to 'GLfloat'
C:\Users\Administrator\Desktop\CS330Content\3DShapes\ShapeMeshes.cpp(454,60): warning C4305: 'initializing': truncation from 'double' to 'GLfloat'
C:\Users\Administrator\Desktop\CS330Content\3DShapes\ShapeMeshes.cpp(455,60): warning C4305: 'initializing': truncation from 'double' to 'GLfloat'
C:\Users\Administrator\Desktop\CS330Content\3DShapes\ShapeMeshes.cpp(456,60): warning C4305: 'initializing': truncation from 'double' to 'GLfloat'
C:\Users\Administrator\Desktop\CS330Content\3DShapes\ShapeMeshes.cpp(457,60): warning C4305: 'initializing': truncation from 'double' to 'GLfloat'
C:\Users\Administrator\Desktop\CS330Content\3DShapes\ShapeMeshes.cpp(458,60): warning C4305: 'initializing': truncation from 'double' to 'GLfloat'
C:\Users\Administrator\Desktop\CS330Content\3DShapes\ShapeMeshes.cpp(459,60): warning C4305: 'initializing': truncation from 'double' to 'GLfloat'
C:\Users\Administrator\Desktop\CS330Content\3DShapes\ShapeMeshes.cpp(460,60): warning C4305: 'initializing': truncation from 'double' to 'GLfloat'
C:\Users\Administrator\Desktop\CS330Content\3DShapes\ShapeMeshes.cpp(461,60): warning C4305: 'initializing': truncation from 'double' to 'GLfloat'
C:\Users\Administrator\Desktop\CS330Content\3DShapes\ShapeMeshes.cpp(462,60): warning C4305: 'initializing': truncation from 'double' to 'GLfloat'
C:\Users\Administrator\Desktop\CS330Content\3DShapes\ShapeMeshes.cpp(463,60): warning C4305: 'initializing': truncation from 'double' to 'GLfloat'
C:\Users\Administrator\Desktop\CS330Content\3DShapes\ShapeMeshes.cpp(464,60): warning C4305: 'initializing': truncation from 'double' to 'GLfloat'
C:\Users\Administrator\Desktop\CS330Content\3DShapes\ShapeMeshes.cpp(465,60): warning C4305: 'initializing': truncation from 'double' to 'GLfloat'
C:\Users\Administrator\Desktop\CS330Content\3DShapes\ShapeMeshes.cpp(466,60): warning C4305: 'initializing': truncation from 'double' to 'GLfloat'
C:\Users\Administrator\Desktop\CS330Content\3DShapes\ShapeMeshes.cpp(467,60): warning C4305: 'initializing': truncation from 'double' to 'GLfloat'
C:\Users\Administrator\Desktop\CS330Content\3DShapes\ShapeMeshes.cpp(468,60): warning C4305: 'initializing': truncation from 'double' to 'GLfloat'
C:\Users\Administrator\Desktop\CS330Content\3DShapes\ShapeMeshes.cpp(469,60): warning C4305: 'initializing': truncation from 'double' to 'GLfloat'
C:\Users\Administrator\Desktop\CS330Content\3DShapes\ShapeMeshes.cpp(470,60): warning C4305: 'initializing': truncation from 'double' to 'GLfloat'
C:\Users\Administrator\Desktop\CS330Content\3DShapes\ShapeMeshes.cpp(471,60): warning C4305: 'initializing': truncation from 'double' to 'GLfloat'
C:\Users\Administrator\Desktop\CS330Content\3DShapes\ShapeMeshes.cpp(472,60): warning C4305: 'initializing': truncation from 'double' to 'GLfloat'
C:\Users\Administrator\Desktop\CS330Content\3DShapes\ShapeMeshes.cpp(473,60): warning C4305: 'initializing': truncation from 'double' to 'GLfloat'
C:\Users\Administrator\Desktop\CS330Content\3DShapes\ShapeMeshes.cpp(474,60): warning C4305: 'initializing': truncation from 'double' to 'GLfloat'
C:\Users\Administrator\Desktop\CS330Content\3DShapes\ShapeMeshes.cpp(475,60): warning C4305: 'initializing': truncation from 'double' to 'GLfloat'
C:\Users\Administrator\Desktop\CS330Content\3DShapes\ShapeMeshes.cpp(476,60): warning C4305: 'initializing': truncation from 'double' to 'GLfloat'
C:\Users\Administrator\Desktop\CS330Content\3DShapes\ShapeMeshes.cpp(477,60): warning C4305: 'initializing': truncation from 'double' to 'GLfloat'
C:\Users\Administrator\Desktop\CS330Content\3DShapes\ShapeMeshes.cpp(478,59): warning C4305: 'initializing': truncation from 'double' to 'GLfloat'
C:\Users\Administrator\Desktop\CS330Content\3DShapes\ShapeMeshes.cpp(479,60): warning C4305: 'initializing': truncation from 'double' to 'GLfloat'
C:\Users\Administrator\Desktop\CS330Content\3DShapes\ShapeMeshes.cpp(480,59): warning C4305: 'initializing': truncation from 'double' to 'GLfloat'
C:\Users\Administrator\Desktop\CS330Content\3DShapes\ShapeMeshes.cpp(481,59): warning C4305: 'initializing': truncation from 'double' to 'GLfloat'
C:\Users\Administrator\Desktop\CS330Content\3DShapes\ShapeMeshes.cpp(482,59): warning C4305: 'initializing': truncation from 'double' to 'GLfloat'
C:\Users\Administrator\Desktop\CS330Content\3DShapes\ShapeMeshes.cpp(483,58): warning C4305: 'initializing': truncation from 'double' to 'GLfloat'
C:\Users\Administrator\Desktop\CS330Content\3DShapes\ShapeMeshes.cpp(484,59): warning C4305: 'initializing': truncation from 'double' to 'GLfloat'
C:\Users\Administrator\Desktop\CS330Content\3DShapes\ShapeMeshes.cpp(485,59): warning C4305: 'initializing': truncation from 'double' to 'GLfloat'
C:\Users\Administrator\Desktop\CS330Content\3DShapes\ShapeMeshes.cpp(486,59): warning C4305: 'initializing': truncation from 'double' to 'GLfloat'
C:\Users\Administrator\Desktop\CS330Content\3DShapes\ShapeMeshes.cpp(487,59): warning C4305: 'initializing': truncation from 'double' to 'GLfloat'
C:\Users\Administrator\Desktop\CS330Content\3DShapes\ShapeMeshes.cpp(488,59): warning C4305: 'initializing': truncation from 'double' to 'GLfloat'
C:\Users\Administrator\Desktop\CS330Content\3DShapes\ShapeMeshes.cpp(489,59): warning C4305: 'initializing': truncation from 'double' to 'GLfloat'
C:\Users\Administrator\Desktop\CS330Content\3DShapes\ShapeMeshes.cpp(490,58): warning C4305: 'initializing': truncation from 'double' to 'GLfloat'
C:\Users\Administrator\Desktop\CS330Content\3DShapes\ShapeMeshes.cpp(491,59): warning C4305: 'initializing': truncation from 'double' to 'GLfloat'
C:\Users\Administrator\Desktop\CS330Content\3DShapes\ShapeMeshes.cpp(492,58): warning C4305: 'initializing': truncation from 'double' to 'GLfloat'
C:\Users\Administrator\Desktop\CS330Content\3DShapes\ShapeMeshes.cpp(493,58): warning C4305: 'initializing': truncation from 'double' to 'GLfloat'
C:\Users\Administrator\Desktop\CS330Content\3DShapes\ShapeMeshes.cpp(494,59): warning C4305: 'initializing': truncation from 'double' to 'GLfloat'
C:\Users\Administrator\Desktop\CS330Content\3DShapes\ShapeMeshes.cpp(495,58): warning C4305: 'initializing': truncation from 'double' to 'GLfloat'
C:\Users\Administrator\Desktop\CS330Content\3DShapes\ShapeMeshes.cpp(496,59): warning C4305: 'initializing': truncation from 'double' to 'GLfloat'
C:\Users\Administrator\Desktop\CS330Content\3DShapes\ShapeMeshes.cpp(497,59): warning C4305: 'initializing': truncation from 'double' to 'GLfloat'
C:\Users\Administrator\Desktop\CS330Content\3DShapes\ShapeMeshes.cpp(498,59): warning C4305: 'initializing': truncation from 'double' to 'GLfloat'
C:\Users\Administrator\Desktop\CS330Content\3DShapes\ShapeMeshes.cpp(499,59): warning C4305: 'initializing': truncation from 'double' to 'GLfloat'
C:\Users\Administrator\Desktop\CS330Content\3DShapes\ShapeMeshes.cpp(500,59): warning C4305: 'initializing': truncation from 'double' to 'GLfloat'
C:\Users\Administrator\Desktop\CS330Content\3DShapes\ShapeMeshes.cpp(501,59): warning C4305: 'initializing': truncation from 'double' to 'GLfloat'
C:\Users\Administrator\Desktop\CS330Content\3DShapes\ShapeMeshes.cpp(502,58): warning C4305: 'initializing': truncation from 'double' to 'GLfloat'
C:\Users\Administrator\Desktop\CS330Content\3DShapes\ShapeMeshes.cpp(503,59): warning C4305: 'initializing': truncation from 'double' to 'GLfloat'
C:\Users\Administrator\Desktop\CS330Content\3DShapes\ShapeMeshes.cpp(504,58): warning C4305: 'initializing': truncation from 'double' to 'GLfloat'
C:\Users\Administrator\Desktop\CS330Content\3DShapes\ShapeMeshes.cpp(505,58): warning C4305: 'initializing': truncation from 'double' to 'GLfloat'
C:\Users\Administrator\Desktop\CS330Content\3DShapes\ShapeMeshes.cpp(506,59): warning C4305: 'initializing': truncation from 'double' to 'GLfloat'
C:\Users\Administrator\Desktop\CS330Content\3DShapes\ShapeMeshes.cpp(507,58): warning C4305: 'initializing': truncation from 'double' to 'GLfloat'
C:\Users\Administrator\Desktop\CS330Content\3DShapes\ShapeMeshes.cpp(508,59): warning C4305: 'initializing': truncation from 'double' to 'GLfloat'
C:\Users\Administrator\Desktop\CS330Content\3DShapes\ShapeMeshes.cpp(509,59): warning C4305: 'initializing': truncation from 'double' to 'GLfloat'
C:\Users\Administrator\Desktop\CS330Content\3DShapes\ShapeMeshes.cpp(510,59): warning C4305: 'initializing': truncation from 'double' to 'GLfloat'
C:\Users\Administrator\Desktop\CS330Content\3DShapes\ShapeMeshes.cpp(511,59): warning C4305: 'initializing': truncation from 'double' to 'GLfloat'
C:\Users\Administrator\Desktop\CS330Content\3DShapes\ShapeMeshes.cpp(512,59): warning C4305: 'initializing': truncation from 'double' to 'GLfloat'
C:\Users\Administrator\Desktop\CS330Content\3DShapes\ShapeMeshes.cpp(513,59): warning C4305: 'initializing': truncation from 'double' to 'GLfloat'
C:\Users\Administrator\Desktop\CS330Content\3DShapes\ShapeMeshes.cpp(514,56): warning C4305: 'initializing': truncation from 'double' to 'GLfloat'
C:\Users\Administrator\Desktop\CS330Content\3DShapes\ShapeMeshes.cpp(515,59): warning C4305: 'initializing': truncation from 'double' to 'GLfloat'
C:\Users\Administrator\Desktop\CS330Content\3DShapes\ShapeMeshes.cpp(516,56): warning C4305: 'initializing': truncation from 'double' to 'GLfloat'
C:\Users\Administrator\Desktop\CS330Content\3DShapes\ShapeMeshes.cpp(517,56): warning C4305: 'initializing': truncation from 'double' to 'GLfloat'
C:\Users\Administrator\Desktop\CS330Content\3DShapes\ShapeMeshes.cpp(518,57): warning C4305: 'initializing': truncation from 'double' to 'GLfloat'
C:\Users\Administrator\Desktop\CS330Content\3DShapes\ShapeMeshes.cpp(519,56): warning C4305: 'initializing': truncation from 'double' to 'GLfloat'
C:\Users\Administrator\Desktop\CS330Content\3DShapes\ShapeMeshes.cpp(520,57): warning C4305: 'initializing': truncation from 'double' to 'GLfloat'
C:\Users\Administrator\Desktop\CS330Content\3DShapes\ShapeMeshes.cpp(521,57): warning C4305: 'initializing': truncation from 'double' to 'GLfloat'
C:\Users\Administrator\Desktop\CS330Content\3DShapes\ShapeMeshes.cpp(522,57): warning C4305: 'initializing': truncation from 'double' to 'GLfloat'
C:\Users\Administrator\Desktop\CS330Content\3DShapes\ShapeMeshes.cpp(523,57): warning C4305: 'initializing': truncation from 'double' to 'GLfloat'
C:\Users\Administrator\Desktop\CS330Content\3DShapes\ShapeMeshes.cpp(524,57): warning C4305: 'initializing': truncation from 'double' to 'GLfloat'
C:\Users\Administrator\Desktop\CS330Content\3DShapes\ShapeMeshes.cpp(525,57): warning C4305: 'initializing': truncation from 'double' to 'GLfloat'
C:\Users\Administrator\Desktop\CS330Content\3DShapes\ShapeMeshes.cpp(526,56): warning C4305: 'initializing': truncation from 'double' to 'GLfloat'
C:\Users\Administrator\Desktop\CS330Content\3DShapes\ShapeMeshes.cpp(527,57): warning C4305: 'initializing': truncation from 'double' to 'GLfloat'
C:\Users\Administrator\Desktop\CS330Content\3DShapes\ShapeMeshes.cpp(528,56): warning C4305: 'initializing': truncation from 'double' to 'GLfloat'
C:\Users\Administrator\Desktop\CS330Content\3DShapes\ShapeMeshes.cpp(529,56): warning C4305: 'initializing': truncation from 'double' to 'GLfloat'
C:\Users\Administrator\Desktop\CS330Content\3DShapes\ShapeMeshes.cpp(530,57): warning C4305: 'initializing': truncation from 'double' to 'GLfloat'
C:\Users\Administrator\Desktop\CS330Content\3DShapes\ShapeMeshes.cpp(531,56): warning C4305: 'initializing': truncation from 'double' to 'GLfloat'
C:\Users\Administrator\Desktop\CS330Content\3DShapes\ShapeMeshes.cpp(532,57): warning C4305: 'initializing': truncation from 'double' to 'GLfloat'
C:\Users\Administrator\Desktop\CS330Content\3DShapes\ShapeMeshes.cpp(533,57): warning C4305: 'initializing': truncation from 'double' to 'GLfloat'
C:\Users\Administrator\Desktop\CS330Content\3DShapes\ShapeMeshes.cpp(534,57): warning C4305: 'initializing': truncation from 'double' to 'GLfloat'
C:\Users\Administrator\Desktop\CS330Content\3DShapes\ShapeMeshes.cpp(535,57): warning C4305: 'initializing': truncation from 'double' to 'GLfloat'
C:\Users\Administrator\Desktop\CS330Content\3DShapes\ShapeMeshes.cpp(536,57): warning C4305: 'initializing': truncation from 'double' to 'GLfloat'
C:\Users\Administrator\Desktop\CS330Content\3DShapes\ShapeMeshes.cpp(537,57): warning C4305: 'initializing': truncation from 'double' to 'GLfloat'
C:\Users\Administrator\Desktop\CS330Content\3DShapes\ShapeMeshes.cpp(538,56): warning C4305: 'initializing': truncation from 'double' to 'GLfloat'
C:\Users\Administrator\Desktop\CS330Content\3DShapes\ShapeMeshes.cpp(539,57): warning C4305: 'initializing': truncation from 'double' to 'GLfloat'
C:\Users\Administrator\Desktop\CS330Content\3DShapes\ShapeMeshes.cpp(540,56): warning C4305: 'initializing': truncation from 'double' to 'GLfloat'
C:\Users\Administrator\Desktop\CS330Content\3DShapes\ShapeMeshes.cpp(541,56): warning C4305: 'initializing': truncation from 'double' to 'GLfloat'
C:\Users\Administrator\Desktop\CS330Content\3DShapes\ShapeMeshes.cpp(542,57): warning C4305: 'initializing': truncation from 'double' to 'GLfloat'
C:\Users\Administrator\Desktop\CS330Content\3DShapes\ShapeMeshes.cpp(543,56): warning C4305: 'initializing': truncation from 'double' to 'GLfloat'
C:\Users\Administrator\Desktop\CS330Content\3DShapes\ShapeMeshes.cpp(544,57): warning C4305: 'initializing': truncation from 'double' to 'GLfloat'
C:\Users\Administrator\Desktop\CS330Content\3DShapes\ShapeMeshes.cpp(545,57): warning C4305: 'initializing': truncation from 'double' to 'GLfloat'
C:\Users\Administrator\Desktop\CS330Content\3DShapes\ShapeMeshes.cpp(546,57): warning C4305: 'initializing': truncation from 'double' to 'GLfloat'
C:\Users\Administrator\Desktop\CS330Content\3DShapes\ShapeMeshes.cpp(547,57): warning C4305: 'initializing': truncation from 'double' to 'GLfloat'
C:\Users\Administrator\Desktop\CS330Content\3DShapes\ShapeMeshes.cpp(548,57): warning C4305: 'initializing': truncation from 'double' to 'GLfloat'
C:\Users\Administrator\Desktop\CS330Content\3DShapes\ShapeMeshes.cpp(549,57): warning C4305: 'initializing': truncation from 'double' to 'GLfloat'
C:\Users\Administrator\Desktop\CS330Content\3DShapes\ShapeMeshes.cpp(551,57): warning C4305: 'initializing': truncation from 'double' to 'GLfloat'
C:\Users\Administrator\Desktop\CS330Content\3DShapes\ShapeMeshes.cpp(842,12): warning C4305: 'initializing': truncation from 'double' to 'GLfloat'
C:\Users\Administrator\Desktop\CS330Content\3DShapes\ShapeMeshes.cpp(851,13): warning C4305: 'initializing': truncation from 'double' to 'GLfloat'
C:\Users\Administrator\Desktop\CS330Content\3DShapes\ShapeMeshes.cpp(979,3): warning C4305: 'initializing': truncation from 'double' to 'GLfloat'
C:\Users\Administrator\Desktop\CS330Content\3DShapes\ShapeMeshes.cpp(1094,12): warning C4305: 'initializing': truncation from 'double' to 'GLfloat'
C:\Users\Administrator\Desktop\CS330Content\3DShapes\ShapeMeshes.cpp(1103,13): warning C4305: 'initializing': truncation from 'double' to 'GLfloat'
C:\Users\Administrator\Desktop\CS330Content\3DShapes\ShapeMeshes.cpp(1668,11): warning C4101: 'v': unreferenced local variable
C:\Users\Administrator\Desktop\CS330Content\3DShapes\ShapeMeshes.cpp(1668,8): warning C4101: 'u': unreferenced local variable
C:\Users\Administrator\Desktop\CS330Content\3DShapes\ShapeMeshes.cpp(1799,22): warning C4305: 'initializing': truncation from 'double' to 'GLfloat'
C:\Users\Administrator\Desktop\CS330Content\3DShapes\ShapeMeshes.cpp(1800,22): warning C4305: 'initializing': truncation from 'double' to 'GLfloat'
C:\Users\Administrator\Desktop\CS330Content\3DShapes\ShapeMeshes.cpp(1801,24): warning C4305: 'initializing': truncation from 'double' to 'GLfloat'
C:\Users\Administrator\Desktop\CS330Content\3DShapes\ShapeMeshes.cpp(1801,58): warning C4305: 'initializing': truncation from 'double' to 'GLfloat'
C:\Users\Administrator\Desktop\CS330Content\3DShapes\ShapeMeshes.cpp(1802,22): warning C4305: 'initializing': truncation from 'double' to 'GLfloat'
C:\Users\Administrator\Desktop\CS330Content\3DShapes\ShapeMeshes.cpp(1803,24): warning C4305: 'initializing': truncation from 'double' to 'GLfloat'
C:\Users\Administrator\Desktop\CS330Content\3DShapes\ShapeMeshes.cpp(1803,59): warning C4305: 'initializing': truncation from 'double' to 'GLfloat'
C:\Users\Administrator\Desktop\CS330Content\3DShapes\ShapeMeshes.cpp(1804,24): warning C4305: 'initializing': truncation from 'double' to 'GLfloat'
C:\Users\Administrator\Desktop\CS330Content\3DShapes\ShapeMeshes.cpp(1804,58): warning C4305: 'initializing': truncation from 'double' to 'GLfloat'
C:\Users\Administrator\Desktop\CS330Content\3DShapes\ShapeMeshes.cpp(1805,59): warning C4305: 'initializing': truncation from 'double' to 'GLfloat'
C:\Users\Administrator\Desktop\CS330Content\3DShapes\ShapeMeshes.cpp(1806,59): warning C4305: 'initializing': truncation from 'double' to 'GLfloat'
C:\Users\Administrator\Desktop\CS330Content\3DShapes\ShapeMeshes.cpp(1807,59): warning C4305: 'initializing': truncation from 'double' to 'GLfloat'
C:\Users\Administrator\Desktop\CS330Content\3DShapes\ShapeMeshes.cpp(1808,59): warning C4305: 'initializing': truncation from 'double' to 'GLfloat'
C:\Users\Administrator\Desktop\CS330Content\3DShapes\ShapeMeshes.cpp(1809,58): warning C4305: 'initializing': truncation from 'double' to 'GLfloat'
C:\Users\Administrator\Desktop\CS330Content\3DShapes\ShapeMeshes.cpp(1810,59): warning C4305: 'initializing': truncation from 'double' to 'GLfloat'
C:\Users\Administrator\Desktop\CS330Content\3DShapes\ShapeMeshes.cpp(1811,59): warning C4305: 'initializing': truncation from 'double' to 'GLfloat'
C:\Users\Administrator\Desktop\CS330Content\3DShapes\ShapeMeshes.cpp(1812,58): warning C4305: 'initializing': truncation from 'double' to 'GLfloat'
C:\Users\Administrator\Desktop\CS330Content\3DShapes\ShapeMeshes.cpp(1813,59): warning C4305: 'initializing': truncation from 'double' to 'GLfloat'
C:\Users\Administrator\Desktop\CS330Content\3DShapes\ShapeMeshes.cpp(1814,59): warning C4305: 'initializing': truncation from 'double' to 'GLfloat'
C:\Users\Administrator\Desktop\CS330Content\3DShapes\ShapeMeshes.cpp(1815,59): warning C4305: 'initializing': truncation from 'double' to 'GLfloat'
C:\Users\Administrator\Desktop\CS330Content\3DShapes\ShapeMeshes.cpp(1816,59): warning C4305: 'initializing': truncation from 'double' to 'GLfloat'
C:\Users\Administrator\Desktop\CS330Content\3DShapes\ShapeMeshes.cpp(1817,59): warning C4305: 'initializing': truncation from 'double' to 'GLfloat'
C:\Users\Administrator\Desktop\CS330Content\3DShapes\ShapeMeshes.cpp(1818,59): warning C4305: 'initializing': truncation from 'double' to 'GLfloat'
C:\Users\Administrator\Desktop\CS330Content\3DShapes\ShapeMeshes.cpp(1819,59): warning C4305: 'initializing': truncation from 'double' to 'GLfloat'
C:\Users\Administrator\Desktop\CS330Content\3DShapes\ShapeMeshes.cpp(1820,59): warning C4305: 'initializing': truncation from 'double' to 'GLfloat'
C:\Users\Administrator\Desktop\CS330Content\3DShapes\ShapeMeshes.cpp(1821,58): warning C4305: 'initializing': truncation from 'double' to 'GLfloat'
C:\Users\Administrator\Desktop\CS330Content\3DShapes\ShapeMeshes.cpp(1822,59): warning C4305: 'initializing': truncation from 'double' to 'GLfloat'
C:\Users\Administrator\Desktop\CS330Content\3DShapes\ShapeMeshes.cpp(1823,59): warning C4305: 'initializing': truncation from 'double' to 'GLfloat'
C:\Users\Administrator\Desktop\CS330Content\3DShapes\ShapeMeshes.cpp(1824,58): warning C4305: 'initializing': truncation from 'double' to 'GLfloat'
C:\Users\Administrator\Desktop\CS330Content\3DShapes\ShapeMeshes.cpp(1825,59): warning C4305: 'initializing': truncation from 'double' to 'GLfloat'
C:\Users\Administrator\Desktop\CS330Content\3DShapes\ShapeMeshes.cpp(1826,59): warning C4305: 'initializing': truncation from 'double' to 'GLfloat'
C:\Users\Administrator\Desktop\CS330Content\3DShapes\ShapeMeshes.cpp(1827,59): warning C4305: 'initializing': truncation from 'double' to 'GLfloat'
C:\Users\Administrator\Desktop\CS330Content\3DShapes\ShapeMeshes.cpp(1828,59): warning C4305: 'initializing': truncation from 'double' to 'GLfloat'
C:\Users\Administrator\Desktop\CS330Content\3DShapes\ShapeMeshes.cpp(1829,59): warning C4305: 'initializing': truncation from 'double' to 'GLfloat'
C:\Users\Administrator\Desktop\CS330Content\3DShapes\ShapeMeshes.cpp(1830,59): warning C4305: 'initializing': truncation from 'double' to 'GLfloat'
C:\Users\Administrator\Desktop\CS330Content\3DShapes\ShapeMeshes.cpp(1831,59): warning C4305: 'initializing': truncation from 'double' to 'GLfloat'
C:\Users\Administrator\Desktop\CS330Content\3DShapes\ShapeMeshes.cpp(1832,59): warning C4305: 'initializing': truncation from 'double' to 'GLfloat'
C:\Users\Administrator\Desktop\CS330Content\3DShapes\ShapeMeshes.cpp(1833,58): warning C4305: 'initializing': truncation from 'double' to 'GLfloat'
C:\Users\Administrator\Desktop\CS330Content\3DShapes\ShapeMeshes.cpp(1834,59): warning C4305: 'initializing': truncation from 'double' to 'GLfloat'
C:\Users\Administrator\Desktop\CS330Content\3DShapes\ShapeMeshes.cpp(1835,59): warning C4305: 'initializing': truncation from 'double' to 'GLfloat'
C:\Users\Administrator\Desktop\CS330Content\3DShapes\ShapeMeshes.cpp(1836,59): warning C4305: 'initializing': truncation from 'double' to 'GLfloat'
C:\Users\Administrator\Desktop\CS330Content\3DShapes\ShapeMeshes.cpp(1837,60): warning C4305: 'initializing': truncation from 'double' to 'GLfloat'
C:\Users\Administrator\Desktop\CS330Content\3DShapes\ShapeMeshes.cpp(1838,59): warning C4305: 'initializing': truncation from 'double' to 'GLfloat'
C:\Users\Administrator\Desktop\CS330Content\3DShapes\ShapeMeshes.cpp(1839,61): warning C4305: 'initializing': truncation from 'double' to 'GLfloat'
C:\Users\Administrator\Desktop\CS330Content\3DShapes\ShapeMeshes.cpp(1840,60): warning C4305: 'initializing': truncation from 'double' to 'GLfloat'
C:\Users\Administrator\Desktop\CS330Content\3DShapes\ShapeMeshes.cpp(1841,60): warning C4305: 'initializing': truncation from 'double' to 'GLfloat'
C:\Users\Administrator\Desktop\CS330Content\3DShapes\ShapeMeshes.cpp(1842,61): warning C4305: 'initializing': truncation from 'double' to 'GLfloat'
C:\Users\Administrator\Desktop\CS330Content\3DShapes\ShapeMeshes.cpp(1843,60): warning C4305: 'initializing': truncation from 'double' to 'GLfloat'
C:\Users\Administrator\Desktop\CS330Content\3DShapes\ShapeMeshes.cpp(1844,60): warning C4305: 'initializing': truncation from 'double' to 'GLfloat'
C:\Users\Administrator\Desktop\CS330Content\3DShapes\ShapeMeshes.cpp(1845,60): warning C4305: 'initializing': truncation from 'double' to 'GLfloat'
C:\Users\Administrator\Desktop\CS330Content\3DShapes\ShapeMeshes.cpp(1846,60): warning C4305: 'initializing': truncation from 'double' to 'GLfloat'
C:\Users\Administrator\Desktop\CS330Content\3DShapes\ShapeMeshes.cpp(1847,61): warning C4305: 'initializing': truncation from 'double' to 'GLfloat'
C:\Users\Administrator\Desktop\CS330Content\3DShapes\ShapeMeshes.cpp(1848,60): warning C4305: 'initializing': truncation from 'double' to 'GLfloat'
C:\Users\Administrator\Desktop\CS330Content\3DShapes\ShapeMeshes.cpp(1849,60): warning C4305: 'initializing': truncation from 'double' to 'GLfloat'
C:\Users\Administrator\Desktop\CS330Content\3DShapes\ShapeMeshes.cpp(1850,61): warning C4305: 'initializing': truncation from 'double' to 'GLfloat'
C:\Users\Administrator\Desktop\CS330Content\3DShapes\ShapeMeshes.cpp(1851,61): warning C4305: 'initializing': truncation from 'double' to 'GLfloat'
C:\Users\Administrator\Desktop\CS330Content\3DShapes\ShapeMeshes.cpp(1852,60): warning C4305: 'initializing': truncation from 'double' to 'GLfloat'
C:\Users\Administrator\Desktop\CS330Content\3DShapes\ShapeMeshes.cpp(1853,60): warning C4305: 'initializing': truncation from 'double' to 'GLfloat'
C:\Users\Administrator\Desktop\CS330Content\3DShapes\ShapeMeshes.cpp(1854,61): warning C4305: 'initializing': truncation from 'double' to 'GLfloat'
C:\Users\Administrator\Desktop\CS330Content\3DShapes\ShapeMeshes.cpp(1855,61): warning C4305: 'initializing': truncation from 'double' to 'GLfloat'
C:\Users\Administrator\Desktop\CS330Content\3DShapes\ShapeMeshes.cpp(1856,60): warning C4305: 'initializing': truncation from 'double' to 'GLfloat'
C:\Users\Administrator\Desktop\CS330Content\3DShapes\ShapeMeshes.cpp(1857,60): warning C4305: 'initializing': truncation from 'double' to 'GLfloat'
C:\Users\Administrator\Desktop\CS330Content\3DShapes\ShapeMeshes.cpp(1858,61): warning C4305: 'initializing': truncation from 'double' to 'GLfloat'
C:\Users\Administrator\Desktop\CS330Content\3DShapes\ShapeMeshes.cpp(1859,61): warning C4305: 'initializing': truncation from 'double' to 'GLfloat'
C:\Users\Administrator\Desktop\CS330Content\3DShapes\ShapeMeshes.cpp(1860,60): warning C4305: 'initializing': truncation from 'double' to 'GLfloat'
C:\Users\Administrator\Desktop\CS330Content\3DShapes\ShapeMeshes.cpp(1861,60): warning C4305: 'initializing': truncation from 'double' to 'GLfloat'
C:\Users\Administrator\Desktop\CS330Content\3DShapes\ShapeMeshes.cpp(1862,61): warning C4305: 'initializing': truncation from 'double' to 'GLfloat'
C:\Users\Administrator\Desktop\CS330Content\3DShapes\ShapeMeshes.cpp(1863,60): warning C4305: 'initializing': truncation from 'double' to 'GLfloat'
C:\Users\Administrator\Desktop\CS330Content\3DShapes\ShapeMeshes.cpp(1864,60): warning C4305: 'initializing': truncation from 'double' to 'GLfloat'
C:\Users\Administrator\Desktop\CS330Content\3DShapes\ShapeMeshes.cpp(1865,60): warning C4305: 'initializing': truncation from 'double' to 'GLfloat'
C:\Users\Administrator\Desktop\CS330Content\3DShapes\ShapeMeshes.cpp(1866,60): warning C4305: 'initializing': truncation from 'double' to 'GLfloat'
C:\Users\Administrator\Desktop\CS330Content\3DShapes\ShapeMeshes.cpp(1867,61): warning C4305: 'initializing': truncation from 'double' to 'GLfloat'
C:\Users\Administrator\Desktop\CS330Content\3DShapes\ShapeMeshes.cpp(1868,60): warning C4305: 'initializing': truncation from 'double' to 'GLfloat'
C:\Users\Administrator\Desktop\CS330Content\3DShapes\ShapeMeshes.cpp(1869,59): warning C4305: 'initializing': truncation from 'double' to 'GLfloat'
C:\Users\Administrator\Desktop\CS330Content\3DShapes\ShapeMeshes.cpp(1870,61): warning C4305: 'initializing': truncation from 'double' to 'GLfloat'
C:\Users\Administrator\Desktop\CS330Content\3DShapes\ShapeMeshes.cpp(1871,59): warning C4305: 'initializing': truncation from 'double' to 'GLfloat'
C:\Users\Administrator\Desktop\CS330Content\3DShapes\ShapeMeshes.cpp(1872,59): warning C4305: 'initializing': truncation from 'double' to 'GLfloat'
C:\Users\Administrator\Desktop\CS330Content\3DShapes\ShapeMeshes.cpp(1873,59): warning C4305: 'initializing': truncation from 'double' to 'GLfloat'
C:\Users\Administrator\Desktop\CS330Content\3DShapes\ShapeMeshes.cpp(1874,58): warning C4305: 'initializing': truncation from 'double' to 'GLfloat'
C:\Users\Administrator\Desktop\CS330Content\3DShapes\ShapeMeshes.cpp(1875,59): warning C4305: 'initializing': truncation from 'double' to 'GLfloat'
C:\Users\Administrator\Desktop\CS330Content\3DShapes\ShapeMeshes.cpp(1876,59): warning C4305: 'initializing': truncation from 'double' to 'GLfloat'
C:\Users\Administrator\Desktop\CS330Content\3DShapes\ShapeMeshes.cpp(1877,59): warning C4305: 'initializing': truncation from 'double' to 'GLfloat'
C:\Users\Administrator\Desktop\CS330Content\3DShapes\ShapeMeshes.cpp(1878,59): warning C4305: 'initializing': truncation from 'double' to 'GLfloat'
C:\Users\Administrator\Desktop\CS330Content\3DShapes\ShapeMeshes.cpp(1879,59): warning C4305: 'initializing': truncation from 'double' to 'GLfloat'
C:\Users\Administrator\Desktop\CS330Content\3DShapes\ShapeMeshes.cpp(1880,59): warning C4305: 'initializing': truncation from 'double' to 'GLfloat'
C:\Users\Administrator\Desktop\CS330Content\3DShapes\ShapeMeshes.cpp(1881,58): warning C4305: 'initializing': truncation from 'double' to 'GLfloat'
C:\Users\Administrator\Desktop\CS330Content\3DShapes\ShapeMeshes.cpp(1882,59): warning C4305: 'initializing': truncation from 'double' to 'GLfloat'
C:\Users\Administrator\Desktop\CS330Content\3DShapes\ShapeMeshes.cpp(1883,59): warning C4305: 'initializing': truncation from 'double' to 'GLfloat'
C:\Users\Administrator\Desktop\CS330Content\3DShapes\ShapeMeshes.cpp(1884,58): warning C4305: 'initializing': truncation from 'double' to 'GLfloat'
C:\Users\Administrator\Desktop\CS330Content\3DShapes\ShapeMeshes.cpp(1885,59): warning C4305: 'initializing': truncation from 'double' to 'GLfloat'
C:\Users\Administrator\Desktop\CS330Content\3DShapes\ShapeMeshes.cpp(1886,59): warning C4305: 'initializing': truncation from 'double' to 'GLfloat'
C:\Users\Administrator\Desktop\CS330Content\3DShapes\ShapeMeshes.cpp(1887,59): warning C4305: 'initializing': truncation from 'double' to 'GLfloat'
C:\Users\Administrator\Desktop\CS330Content\3DShapes\ShapeMeshes.cpp(1888,59): warning C4305: 'initializing': truncation from 'double' to 'GLfloat'
C:\Users\Administrator\Desktop\CS330Content\3DShapes\ShapeMeshes.cpp(1889,59): warning C4305: 'initializing': truncation from 'double' to 'GLfloat'
C:\Users\Administrator\Desktop\CS330Content\3DShapes\ShapeMeshes.cpp(1890,59): warning C4305: 'initializing': truncation from 'double' to 'GLfloat'
C:\Users\Administrator\Desktop\CS330Content\3DShapes\ShapeMeshes.cpp(1891,59): warning C4305: 'initializing': truncation from 'double' to 'GLfloat'
C:\Users\Administrator\Desktop\CS330Content\3DShapes\ShapeMeshes.cpp(1892,59): warning C4305: 'initializing': truncation from 'double' to 'GLfloat'
C:\Users\Administrator\Desktop\CS330Content\3DShapes\ShapeMeshes.cpp(1893,58): warning C4305: 'initializing': truncation from 'double' to 'GLfloat'
C:\Users\Administrator\Desktop\CS330Content\3DShapes\ShapeMeshes.cpp(1894,59): warning C4305: 'initializing': truncation from 'double' to 'GLfloat'
C:\Users\Administrator\Desktop\CS330Content\3DShapes\ShapeMeshes.cpp(1895,59): warning C4305: 'initializing': truncation from 'double' to 'GLfloat'
C:\Users\Administrator\Desktop\CS330Content\3DShapes\ShapeMeshes.cpp(1896,58): warning C4305: 'initializing': truncation from 'double' to 'GLfloat'
C:\Users\Administrator\Desktop\CS330Content\3DShapes\ShapeMeshes.cpp(1897,59): warning C4305: 'initializing': truncation from 'double' to 'GLfloat'
C:\Users\Administrator\Desktop\CS330Content\3DShapes\ShapeMeshes.cpp(1898,59): warning C4305: 'initializing': truncation from 'double' to 'GLfloat'
C:\Users\Administrator\Desktop\CS330Content\3DShapes\ShapeMeshes.cpp(1899,59): warning C4305: 'initializing': truncation from 'double' to 'GLfloat'
C:\Users\Administrator\Desktop\CS330Content\3DShapes\ShapeMeshes.cpp(1900,59): warning C4305: 'initializing': truncation from 'double' to 'GLfloat'
C:\Users\Administrator\Desktop\CS330Content\3DShapes\ShapeMeshes.cpp(1901,59): warning C4305: 'initializing': truncation from 'double' to 'GLfloat'
C:\Users\Administrator\Desktop\CS330Content\3DShapes\ShapeMeshes.cpp(1902,59): warning C4305: 'initializing': truncation from 'double' to 'GLfloat'
C:\Users\Administrator\Desktop\CS330Content\3DShapes\ShapeMeshes.cpp(1903,59): warning C4305: 'initializing': truncation from 'double' to 'GLfloat'
C:\Users\Administrator\Desktop\CS330Content\3DShapes\ShapeMeshes.cpp(1904,59): warning C4305: 'initializing': truncation from 'double' to 'GLfloat'
C:\Users\Administrator\Desktop\CS330Content\3DShapes\ShapeMeshes.cpp(1905,57): warning C4305: 'initializing': truncation from 'double' to 'GLfloat'
C:\Users\Administrator\Desktop\CS330Content\3DShapes\ShapeMeshes.cpp(1906,59): warning C4305: 'initializing': truncation from 'double' to 'GLfloat'
C:\Users\Administrator\Desktop\CS330Content\3DShapes\ShapeMeshes.cpp(1907,57): warning C4305: 'initializing': truncation from 'double' to 'GLfloat'
C:\Users\Administrator\Desktop\CS330Content\3DShapes\ShapeMeshes.cpp(1908,57): warning C4305: 'initializing': truncation from 'double' to 'GLfloat'
C:\Users\Administrator\Desktop\CS330Content\3DShapes\ShapeMeshes.cpp(1909,57): warning C4305: 'initializing': truncation from 'double' to 'GLfloat'
C:\Users\Administrator\Desktop\CS330Content\3DShapes\ShapeMeshes.cpp(1910,56): warning C4305: 'initializing': truncation from 'double' to 'GLfloat'
C:\Users\Administrator\Desktop\CS330Content\3DShapes\ShapeMeshes.cpp(1911,58): warning C4305: 'initializing': truncation from 'double' to 'GLfloat'
C:\Users\Administrator\Desktop\CS330Content\3DShapes\ShapeMeshes.cpp(1912,57): warning C4305: 'initializing': truncation from 'double' to 'GLfloat'
C:\Users\Administrator\Desktop\CS330Content\3DShapes\ShapeMeshes.cpp(1913,57): warning C4305: 'initializing': truncation from 'double' to 'GLfloat'
C:\Users\Administrator\Desktop\CS330Content\3DShapes\ShapeMeshes.cpp(1914,58): warning C4305: 'initializing': truncation from 'double' to 'GLfloat'
C:\Users\Administrator\Desktop\CS330Content\3DShapes\ShapeMeshes.cpp(1915,57): warning C4305: 'initializing': truncation from 'double' to 'GLfloat'
C:\Users\Administrator\Desktop\CS330Content\3DShapes\ShapeMeshes.cpp(1916,57): warning C4305: 'initializing': truncation from 'double' to 'GLfloat'
C:\Users\Administrator\Desktop\CS330Content\3DShapes\ShapeMeshes.cpp(1917,56): warning C4305: 'initializing': truncation from 'double' to 'GLfloat'
C:\Users\Administrator\Desktop\CS330Content\3DShapes\ShapeMeshes.cpp(1918,57): warning C4305: 'initializing': truncation from 'double' to 'GLfloat'
C:\Users\Administrator\Desktop\CS330Content\3DShapes\ShapeMeshes.cpp(1919,58): warning C4305: 'initializing': truncation from 'double' to 'GLfloat'
C:\Users\Administrator\Desktop\CS330Content\3DShapes\ShapeMeshes.cpp(1920,56): warning C4305: 'initializing': truncation from 'double' to 'GLfloat'
C:\Users\Administrator\Desktop\CS330Content\3DShapes\ShapeMeshes.cpp(1921,57): warning C4305: 'initializing': truncation from 'double' to 'GLfloat'
C:\Users\Administrator\Desktop\CS330Content\3DShapes\ShapeMeshes.cpp(1922,58): warning C4305: 'initializing': truncation from 'double' to 'GLfloat'
C:\Users\Administrator\Desktop\CS330Content\3DShapes\ShapeMeshes.cpp(1923,58): warning C4305: 'initializing': truncation from 'double' to 'GLfloat'
C:\Users\Administrator\Desktop\CS330Content\3DShapes\ShapeMeshes.cpp(1924,57): warning C4305: 'initializing': truncation from 'double' to 'GLfloat'
C:\Users\Administrator\Desktop\CS330Content\3DShapes\ShapeMeshes.cpp(1925,57): warning C4305: 'initializing': truncation from 'double' to 'GLfloat'
C:\Users\Administrator\Desktop\CS330Content\3DShapes\ShapeMeshes.cpp(1926,58): warning C4305: 'initializing': truncation from 'double' to 'GLfloat'
C:\Users\Administrator\Desktop\CS330Content\3DShapes\ShapeMeshes.cpp(1927,58): warning C4305: 'initializing': truncation from 'double' to 'GLfloat'
C:\Users\Administrator\Desktop\CS330Content\3DShapes\ShapeMeshes.cpp(1928,57): warning C4305: 'initializing': truncation from 'double' to 'GLfloat'
C:\Users\Administrator\Desktop\CS330Content\3DShapes\ShapeMeshes.cpp(1929,56): warning C4305: 'initializing': truncation from 'double' to 'GLfloat'
C:\Users\Administrator\Desktop\CS330Content\3DShapes\ShapeMeshes.cpp(1930,58): warning C4305: 'initializing': truncation from 'double' to 'GLfloat'
C:\Users\Administrator\Desktop\CS330Content\3DShapes\ShapeMeshes.cpp(1931,58): warning C4305: 'initializing': truncation from 'double' to 'GLfloat'
C:\Users\Administrator\Desktop\CS330Content\3DShapes\ShapeMeshes.cpp(1932,56): warning C4305: 'initializing': truncation from 'double' to 'GLfloat'
C:\Users\Administrator\Desktop\CS330Content\3DShapes\ShapeMeshes.cpp(1933,57): warning C4305: 'initializing': truncation from 'double' to 'GLfloat'
C:\Users\Administrator\Desktop\CS330Content\3DShapes\ShapeMeshes.cpp(1934,58): warning C4305: 'initializing': truncation from 'double' to 'GLfloat'
C:\Users\Administrator\Desktop\CS330Content\3DShapes\ShapeMeshes.cpp(1935,57): warning C4305: 'initializing': truncation from 'double' to 'GLfloat'
C:\Users\Administrator\Desktop\CS330Content\3DShapes\ShapeMeshes.cpp(1936,57): warning C4305: 'initializing': truncation from 'double' to 'GLfloat'
C:\Users\Administrator\Desktop\CS330Content\3DShapes\ShapeMeshes.cpp(1937,57): warning C4305: 'initializing': truncation from 'double' to 'GLfloat'
C:\Users\Administrator\Desktop\CS330Content\3DShapes\ShapeMeshes.cpp(1938,57): warning C4305: 'initializing': truncation from 'double' to 'GLfloat'
C:\Users\Administrator\Desktop\CS330Content\3DShapes\ShapeMeshes.cpp(1939,58): warning C4305: 'initializing': truncation from 'double' to 'GLfloat'
C:\Users\Administrator\Desktop\CS330Content\3DShapes\ShapeMeshes.cpp(1940,57): warning C4305: 'initializing': truncation from 'double' to 'GLfloat'
C:\Users\Administrator\Desktop\CS330Content\3DShapes\ShapeMeshes.cpp(1942,58): warning C4305: 'initializing': truncation from 'double' to 'GLfloat'
C:\Users\Administrator\Desktop\CS330Content\3DShapes\ShapeMeshes.cpp(2034,23): warning C4244: 'initializing': conversion from 'double' to 'float', possible loss of data
C:\Users\Administrator\Desktop\CS330Content\3DShapes\ShapeMeshes.cpp(2035,21): warning C4244: 'initializing': conversion from 'double' to 'float', possible loss of data
C:\Users\Administrator\Desktop\CS330Content\3DShapes\ShapeMeshes.cpp(2125,20): warning C4018: '<': signed/unsigned mismatch
C:\Users\Administrator\Desktop\CS330Content\3DShapes\ShapeMeshes.cpp(2228,23): warning C4244: 'initializing': conversion from 'double' to 'float', possible loss of data
C:\Users\Administrator\Desktop\CS330Content\3DShapes\ShapeMeshes.cpp(2229,21): warning C4244: 'initializing': conversion from 'double' to 'float', possible loss of data
C:\Users\Administrator\Desktop\CS330Content\3DShapes\ShapeMeshes.cpp(2319,20): warning C4018: '<': signed/unsigned mismatch
C:\Users\Administrator\Desktop\CS330Content\3DShapes\ShapeMeshes.cpp(2422,23): warning C4244: 'initializing': conversion from 'double' to 'float', possible loss of data
C:\Users\Administrator\Desktop\CS330Content\3DShapes\ShapeMeshes.cpp(2423,21): warning C4244: 'initializing': conversion from 'double' to 'float', possible loss of data
C:\Users\Administrator\Desktop\CS330Content\3DShapes\ShapeMeshes.cpp(2513,20): warning C4018: '<': signed/unsigned mismatch
  ShaderManager.cpp
  MainCode.cpp
  SceneManager.cpp
C:\Users\Administrator\Desktop\CS330Content\Projects\7-1_FinalProjectMilestones\Source\SceneManager.cpp(223,16): warning C4018: '<': signed/unsigned mismatch
  ViewManager.cpp
C:\Users\Administrator\Desktop\CS330Content\Projects\7-1_FinalProjectMilestones\Source\ViewManager.cpp(131,31): warning C4244: '+=': conversion from 'double' to 'float', possible loss of data
C:\Users\Administrator\Desktop\CS330Content\Projects\7-1_FinalProjectMilestones\Source\ViewManager.cpp(151,12): warning C4244: '=': conversion from 'double' to 'float', possible loss of data
C:\Users\Administrator\Desktop\CS330Content\Projects\7-1_FinalProjectMilestones\Source\ViewManager.cpp(152,12): warning C4244: '=': conversion from 'double' to 'float', possible loss of data
C:\Users\Administrator\Desktop\CS330Content\Projects\7-1_FinalProjectMilestones\Source\ViewManager.cpp(157,16): warning C4244: 'initializing': conversion from 'double' to 'float', possible loss of data
C:\Users\Administrator\Desktop\CS330Content\Projects\7-1_FinalProjectMilestones\Source\ViewManager.cpp(158,16): warning C4244: 'initializing': conversion from 'double' to 'float', possible loss of data
C:\Users\Administrator\Desktop\CS330Content\Projects\7-1_FinalProjectMilestones\Source\ViewManager.cpp(161,11): warning C4244: '=': conversion from 'double' to 'float', possible loss of data
C:\Users\Administrator\Desktop\CS330Content\Projects\7-1_FinalProjectMilestones\Source\ViewManager.cpp(162,11): warning C4244: '=': conversion from 'double' to 'float', possible loss of data
C:\Users\Administrator\Desktop\CS330Content\Projects\7-1_FinalProjectMilestones\Source\ViewManager.cpp(231,21): warning C4244: 'initializing': conversion from 'double' to 'float', possible loss of data
  Generating Code...
  7-1_FinalProjectMilestones.vcxproj -> C:\Users\Administrator\Desktop\CS330Content\Projects\7-1_FinalProjectMilestones\Debug\7-1_FinalProjectMilestones.exe
